        -:    0:Source:dominion.c
        -:    0:Graph:dominion.gcno
        -:    0:Data:dominion.gcda
        -:    0:Runs:3
        -:    0:Programs:3
        -:    1:#include "dominion.h"
        -:    2:#include "dominion_helpers.h"
        -:    3:#include "rngs.h"
        -:    4:#include <stdio.h>
        -:    5:#include <math.h>
        -:    6:#include <stdlib.h>
        -:    7:
   437386:    8:int compare(const void* a, const void* b) {
   437386:    9:  if (*(int*)a > *(int*)b)
   221308:   10:    return 1;
   216078:   11:  if (*(int*)a < *(int*)b)
   138860:   12:    return -1;
    77218:   13:  return 0;
        -:   14:}
        -:   15:
    #####:   16:struct gameState* newGame() {
    #####:   17:  struct gameState* g = malloc(sizeof(struct gameState));
    #####:   18:  return g;
        -:   19:}
        -:   20:
    #####:   21:int* kingdomCards(int k1, int k2, int k3, int k4, int k5, int k6, int k7,
        -:   22:		  int k8, int k9, int k10) {
    #####:   23:  int* k = malloc(10 * sizeof(int));
    #####:   24:  k[0] = k1;
    #####:   25:  k[1] = k2;
    #####:   26:  k[2] = k3;
    #####:   27:  k[3] = k4;
    #####:   28:  k[4] = k5;
    #####:   29:  k[5] = k6;
    #####:   30:  k[6] = k7;
    #####:   31:  k[7] = k8;
    #####:   32:  k[8] = k9;
    #####:   33:  k[9] = k10;
    #####:   34:  return k;
        -:   35:}
        -:   36:
    #####:   37:int initializeGame(int numPlayers, int kingdomCards[10], int randomSeed,
        -:   38:		   struct gameState *state) {
        -:   39:
        -:   40:  int i;
        -:   41:  int j;
        -:   42:  int it;			
        -:   43:  //set up random number generator
    #####:   44:  SelectStream(1);
    #####:   45:  PutSeed((long)randomSeed);
        -:   46:  
        -:   47:  //check number of players
    #####:   48:  if (numPlayers > MAX_PLAYERS || numPlayers < 2)
        -:   49:    {
    #####:   50:      return -1;
        -:   51:    }
        -:   52:
        -:   53:  //set number of players
    #####:   54:  state->numPlayers = numPlayers;
        -:   55:
        -:   56:  //check selected kingdom cards are different
    #####:   57:  for (i = 0; i < 10; i++)
        -:   58:    {
    #####:   59:      for (j = 0; j < 10; j++)
        -:   60:        {
    #####:   61:	  if (j != i && kingdomCards[j] == kingdomCards[i])
        -:   62:	    {
    #####:   63:	      return -1;
        -:   64:	    }
        -:   65:        }
        -:   66:    }
        -:   67:
        -:   68:
        -:   69:  //initialize supply
        -:   70:  ///////////////////////////////
        -:   71:
        -:   72:  //set number of Curse cards
    #####:   73:  if (numPlayers == 2)
        -:   74:    {
    #####:   75:      state->supplyCount[curse] = 10;
        -:   76:    }
    #####:   77:  else if (numPlayers == 3)
        -:   78:    {
    #####:   79:      state->supplyCount[curse] = 20;
        -:   80:    }
        -:   81:  else
        -:   82:    {
    #####:   83:      state->supplyCount[curse] = 30;
        -:   84:    }
        -:   85:
        -:   86:  //set number of Victory cards
    #####:   87:  if (numPlayers == 2)
        -:   88:    {
    #####:   89:      state->supplyCount[estate] = 8;
    #####:   90:      state->supplyCount[duchy] = 8;
    #####:   91:      state->supplyCount[province] = 8;
        -:   92:    }
        -:   93:  else
        -:   94:    {
    #####:   95:      state->supplyCount[estate] = 12;
    #####:   96:      state->supplyCount[duchy] = 12;
    #####:   97:      state->supplyCount[province] = 12;
        -:   98:    }
        -:   99:
        -:  100:  //set number of Treasure cards
    #####:  101:  state->supplyCount[copper] = 60 - (7 * numPlayers);
    #####:  102:  state->supplyCount[silver] = 40;
    #####:  103:  state->supplyCount[gold] = 30;
        -:  104:
        -:  105:  //set number of Kingdom cards
    #####:  106:  for (i = adventurer; i <= treasure_map; i++)       	//loop all cards
        -:  107:    {
    #####:  108:      for (j = 0; j < 10; j++)           		//loop chosen cards
        -:  109:	{
    #####:  110:	  if (kingdomCards[j] == i)
        -:  111:	    {
        -:  112:	      //check if card is a 'Victory' Kingdom card
    #####:  113:	      if (kingdomCards[j] == great_hall || kingdomCards[j] == gardens)
        -:  114:		{
    #####:  115:		  if (numPlayers == 2){ 
    #####:  116:		    state->supplyCount[i] = 8; 
        -:  117:		  }
    #####:  118:		  else{ state->supplyCount[i] = 12; }
        -:  119:		}
        -:  120:	      else
        -:  121:		{
    #####:  122:		  state->supplyCount[i] = 10;
        -:  123:		}
    #####:  124:	      break;
        -:  125:	    }
        -:  126:	  else    //card is not in the set choosen for the game
        -:  127:	    {
    #####:  128:	      state->supplyCount[i] = -1;
        -:  129:	    }
        -:  130:	}
        -:  131:
        -:  132:    }
        -:  133:
        -:  134:  ////////////////////////
        -:  135:  //supply intilization complete
        -:  136:
        -:  137:  //set player decks
    #####:  138:  for (i = 0; i < numPlayers; i++)
        -:  139:    {
    #####:  140:      state->deckCount[i] = 0;
    #####:  141:      for (j = 0; j < 3; j++)
        -:  142:	{
    #####:  143:	  state->deck[i][j] = estate;
    #####:  144:	  state->deckCount[i]++;
        -:  145:	}
    #####:  146:      for (j = 3; j < 10; j++)
        -:  147:	{
    #####:  148:	  state->deck[i][j] = copper;
    #####:  149:	  state->deckCount[i]++;		
        -:  150:	}
        -:  151:    }
        -:  152:
        -:  153:  //shuffle player decks
    #####:  154:  for (i = 0; i < numPlayers; i++)
        -:  155:    {
    #####:  156:      if ( shuffle(i, state) < 0 )
        -:  157:	{
    #####:  158:	  return -1;
        -:  159:	}
        -:  160:    }
        -:  161:
        -:  162:  //draw player hands
    #####:  163:  for (i = 0; i < numPlayers; i++)
        -:  164:    {  
        -:  165:      //initialize hand size to zero
    #####:  166:      state->handCount[i] = 0;
    #####:  167:      state->discardCount[i] = 0;
        -:  168:      //draw 5 cards
        -:  169:      // for (j = 0; j < 5; j++)
        -:  170:      //	{
        -:  171:      //	  drawCard(i, state);
        -:  172:      //	}
        -:  173:    }
        -:  174:  
        -:  175:  //set embargo tokens to 0 for all supply piles
    #####:  176:  for (i = 0; i <= treasure_map; i++)
        -:  177:    {
    #####:  178:      state->embargoTokens[i] = 0;
        -:  179:    }
        -:  180:
        -:  181:  //initialize first player's turn
    #####:  182:  state->outpostPlayed = 0;
    #####:  183:  state->phase = 0;
    #####:  184:  state->numActions = 1;
    #####:  185:  state->numBuys = 1;
    #####:  186:  state->playedCardCount = 0;
    #####:  187:  state->whoseTurn = 0;
    #####:  188:  state->handCount[state->whoseTurn] = 0;
        -:  189:  //int it; move to top
        -:  190:
        -:  191:  //Moved draw cards to here, only drawing at the start of a turn
    #####:  192:  for (it = 0; it < 5; it++){
    #####:  193:    drawCard(state->whoseTurn, state);
        -:  194:  }
        -:  195:
    #####:  196:  updateCoins(state->whoseTurn, state, 0);
        -:  197:
    #####:  198:  return 0;
        -:  199:}
        -:  200:
     5625:  201:int shuffle(int player, struct gameState *state) {
        -:  202: 
        -:  203:
        -:  204:  int newDeck[MAX_DECK];
     5625:  205:  int newDeckPos = 0;
        -:  206:  int card;
        -:  207:  int i;
        -:  208:
     5625:  209:  if (state->deckCount[player] < 1)
      993:  210:    return -1;
     4632:  211:  qsort ((void*)(state->deck[player]), state->deckCount[player], sizeof(int), compare); 
        -:  212:  /* SORT CARDS IN DECK TO ENSURE DETERMINISM! */
        -:  213:
   105190:  214:  while (state->deckCount[player] > 0) {
    95926:  215:    card = floor(Random() * state->deckCount[player]);
    95926:  216:    newDeck[newDeckPos] = state->deck[player][card];
    95926:  217:    newDeckPos++;
  1620948:  218:    for (i = card; i < state->deckCount[player]-1; i++) {
  1525022:  219:      state->deck[player][i] = state->deck[player][i+1];
        -:  220:    }
    95926:  221:    state->deckCount[player]--;
        -:  222:  }
   100558:  223:  for (i = 0; i < newDeckPos; i++) {
    95926:  224:    state->deck[player][i] = newDeck[i];
    95926:  225:    state->deckCount[player]++;
        -:  226:  }
        -:  227:
     4632:  228:  return 0;
        -:  229:}
        -:  230:
    #####:  231:int playCard(int handPos, int choice1, int choice2, int choice3, struct gameState *state) 
        -:  232:{	
        -:  233:  int card;
    #####:  234:  int coin_bonus = 0; 		//tracks coins gain from actions
        -:  235:
        -:  236:  //check if it is the right phase
    #####:  237:  if (state->phase != 0)
        -:  238:    {
    #####:  239:      return -1;
        -:  240:    }
        -:  241:	
        -:  242:  //check if player has enough actions
    #####:  243:  if ( state->numActions < 1 )
        -:  244:    {
    #####:  245:      return -1;
        -:  246:    }
        -:  247:	
        -:  248:  //get card played
    #####:  249:  card = handCard(handPos, state);
        -:  250:	
        -:  251:  //check if selected card is an action
    #####:  252:  if ( card < adventurer || card > treasure_map )
        -:  253:    {
    #####:  254:      return -1;
        -:  255:    }
        -:  256:	
        -:  257:  //play card
    #####:  258:  if ( cardEffect(card, choice1, choice2, choice3, state, handPos, &coin_bonus) < 0 )
        -:  259:    {
    #####:  260:      return -1;
        -:  261:    }
        -:  262:	
        -:  263:  //reduce number of actions
    #####:  264:  state->numActions--;
        -:  265:
        -:  266:  //update coins (Treasure cards may be added with card draws)
    #####:  267:  updateCoins(state->whoseTurn, state, coin_bonus);
        -:  268:	
    #####:  269:  return 0;
        -:  270:}
        -:  271:
    #####:  272:int buyCard(int supplyPos, struct gameState *state) {
        -:  273:  int who;
        -:  274:  if (DEBUG){
        -:  275:    printf("Entering buyCard...\n");
        -:  276:  }
        -:  277:
        -:  278:  // I don't know what to do about the phase thing.
        -:  279:
    #####:  280:  who = state->whoseTurn;
        -:  281:
    #####:  282:  if (state->numBuys < 1){
        -:  283:    if (DEBUG)
        -:  284:      printf("You do not have any buys left\n");
    #####:  285:    return -1;
    #####:  286:  } else if (supplyCount(supplyPos, state) <1){
        -:  287:    if (DEBUG)
        -:  288:      printf("There are not any of that type of card left\n");
    #####:  289:    return -1;
    #####:  290:  } else if (state->coins < getCost(supplyPos)){
        -:  291:    if (DEBUG) 
        -:  292:      printf("You do not have enough money to buy that. You have %d coins.\n", state->coins);
    #####:  293:    return -1;
        -:  294:  } else {
    #####:  295:    state->phase=1;
        -:  296:    //state->supplyCount[supplyPos]--;
    #####:  297:    gainCard(supplyPos, state, 0, who); //card goes in discard, this might be wrong.. (2 means goes into hand, 0 goes into discard)
        -:  298:  
    #####:  299:    state->coins = (state->coins) - (getCost(supplyPos));
    #####:  300:    state->numBuys--;
        -:  301:    if (DEBUG)
        -:  302:      printf("You bought card number %d for %d coins. You now have %d buys and %d coins.\n", supplyPos, getCost(supplyPos), state->numBuys, state->coins);
        -:  303:  }
        -:  304:
        -:  305:  //state->discard[who][state->discardCount[who]] = supplyPos;
        -:  306:  //state->discardCount[who]++;
        -:  307:    
    #####:  308:  return 0;
        -:  309:}
        -:  310:
    #####:  311:int numHandCards(struct gameState *state) {
    #####:  312:  return state->handCount[ whoseTurn(state) ];
        -:  313:}
        -:  314:
    #####:  315:int handCard(int handPos, struct gameState *state) {
    #####:  316:  int currentPlayer = whoseTurn(state);
    #####:  317:  return state->hand[currentPlayer][handPos];
        -:  318:}
        -:  319:
    #####:  320:int supplyCount(int card, struct gameState *state) {
    #####:  321:  return state->supplyCount[card];
        -:  322:}
        -:  323:
    #####:  324:int fullDeckCount(int player, int card, struct gameState *state) {
        -:  325:  int i;
    #####:  326:  int count = 0;
        -:  327:
    #####:  328:  for (i = 0; i < state->deckCount[player]; i++)
        -:  329:    {
    #####:  330:      if (state->deck[player][i] == card) count++;
        -:  331:    }
        -:  332:
    #####:  333:  for (i = 0; i < state->handCount[player]; i++)
        -:  334:    {
    #####:  335:      if (state->hand[player][i] == card) count++;
        -:  336:    }
        -:  337:
    #####:  338:  for (i = 0; i < state->discardCount[player]; i++)
        -:  339:    {
    #####:  340:      if (state->discard[player][i] == card) count++;
        -:  341:    }
        -:  342:
    #####:  343:  return count;
        -:  344:}
        -:  345:
   300000:  346:int whoseTurn(struct gameState *state) {
   300000:  347:  return state->whoseTurn;
        -:  348:}
        -:  349:
    #####:  350:int endTurn(struct gameState *state) {
        -:  351:  int k;
        -:  352:  int i;
    #####:  353:  int currentPlayer = whoseTurn(state);
        -:  354:  
        -:  355:  //Discard hand
    #####:  356:  for (i = 0; i < state->handCount[currentPlayer]; i++){
    #####:  357:    state->discard[currentPlayer][state->discardCount[currentPlayer]++] = state->hand[currentPlayer][i];//Discard
    #####:  358:    state->hand[currentPlayer][i] = -1;//Set card to -1
        -:  359:  }
    #####:  360:  state->handCount[currentPlayer] = 0;//Reset hand count
        -:  361:    
        -:  362:  //Code for determining the player
    #####:  363:  if (currentPlayer < (state->numPlayers - 1)){ 
    #####:  364:    state->whoseTurn = currentPlayer + 1;//Still safe to increment
        -:  365:  }
        -:  366:  else{
    #####:  367:    state->whoseTurn = 0;//Max player has been reached, loop back around to player 1
        -:  368:  }
        -:  369:
    #####:  370:  state->outpostPlayed = 0;
    #####:  371:  state->phase = 0;
    #####:  372:  state->numActions = 1;
    #####:  373:  state->coins = 0;
    #####:  374:  state->numBuys = 1;
    #####:  375:  state->playedCardCount = 0;
    #####:  376:  state->handCount[state->whoseTurn] = 0;
        -:  377:
        -:  378:  //int k; move to top
        -:  379:  //Next player draws hand
    #####:  380:  for (k = 0; k < 5; k++){
    #####:  381:    drawCard(state->whoseTurn, state);//Draw a card
        -:  382:  }
        -:  383:
        -:  384:  //Update money
    #####:  385:  updateCoins(state->whoseTurn, state , 0);
        -:  386:
    #####:  387:  return 0;
        -:  388:}
        -:  389:
    #####:  390:int isGameOver(struct gameState *state) {
        -:  391:  int i;
        -:  392:  int j;
        -:  393:	
        -:  394:  //if stack of Province cards is empty, the game ends
    #####:  395:  if (state->supplyCount[province] == 0)
        -:  396:    {
    #####:  397:      return 1;
        -:  398:    }
        -:  399:
        -:  400:  //if three supply pile are at 0, the game ends
    #####:  401:  j = 0;
    #####:  402:  for (i = 0; i < 25; i++)
        -:  403:    {
    #####:  404:      if (state->supplyCount[i] == 0)
        -:  405:	{
    #####:  406:	  j++;
        -:  407:	}
        -:  408:    }
    #####:  409:  if ( j >= 3)
        -:  410:    {
    #####:  411:      return 1;
        -:  412:    }
        -:  413:
    #####:  414:  return 0;
        -:  415:}
        -:  416:
    #####:  417:int scoreFor (int player, struct gameState *state) {
        -:  418:
        -:  419:  int i;
    #####:  420:  int score = 0;
        -:  421:  //score from hand
    #####:  422:  for (i = 0; i < state->handCount[player]; i++)
        -:  423:    {
    #####:  424:      if (state->hand[player][i] == curse) { score = score - 1; };
    #####:  425:      if (state->hand[player][i] == estate) { score = score + 1; };
    #####:  426:      if (state->hand[player][i] == duchy) { score = score + 3; };
    #####:  427:      if (state->hand[player][i] == province) { score = score + 6; };
    #####:  428:      if (state->hand[player][i] == great_hall) { score = score + 1; };
    #####:  429:      if (state->hand[player][i] == gardens) { score = score + ( fullDeckCount(player, 0, state) / 10 ); };
        -:  430:    }
        -:  431:
        -:  432:  //score from discard
    #####:  433:  for (i = 0; i < state->discardCount[player]; i++)
        -:  434:    {
    #####:  435:      if (state->discard[player][i] == curse) { score = score - 1; };
    #####:  436:      if (state->discard[player][i] == estate) { score = score + 1; };
    #####:  437:      if (state->discard[player][i] == duchy) { score = score + 3; };
    #####:  438:      if (state->discard[player][i] == province) { score = score + 6; };
    #####:  439:      if (state->discard[player][i] == great_hall) { score = score + 1; };
    #####:  440:      if (state->discard[player][i] == gardens) { score = score + ( fullDeckCount(player, 0, state) / 10 ); };
        -:  441:    }
        -:  442:
        -:  443:  //score from deck
    #####:  444:  for (i = 0; i < state->discardCount[player]; i++)
        -:  445:    {
    #####:  446:      if (state->deck[player][i] == curse) { score = score - 1; };
    #####:  447:      if (state->deck[player][i] == estate) { score = score + 1; };
    #####:  448:      if (state->deck[player][i] == duchy) { score = score + 3; };
    #####:  449:      if (state->deck[player][i] == province) { score = score + 6; };
    #####:  450:      if (state->deck[player][i] == great_hall) { score = score + 1; };
    #####:  451:      if (state->deck[player][i] == gardens) { score = score + ( fullDeckCount(player, 0, state) / 10 ); };
        -:  452:    }
        -:  453:
    #####:  454:  return score;
        -:  455:}
        -:  456:
    #####:  457:int getWinners(int players[MAX_PLAYERS], struct gameState *state) {
        -:  458:  int i;	
        -:  459:  int j;
        -:  460:  int highScore;
        -:  461:  int currentPlayer;
        -:  462:
        -:  463:  //get score for each player
    #####:  464:  for (i = 0; i < MAX_PLAYERS; i++)
        -:  465:    {
        -:  466:      //set unused player scores to -9999
    #####:  467:      if (i >= state->numPlayers)
        -:  468:	{
    #####:  469:	  players[i] = -9999;
        -:  470:	}
        -:  471:      else
        -:  472:	{
    #####:  473:	  players[i] = scoreFor (i, state);
        -:  474:	}
        -:  475:    }
        -:  476:
        -:  477:  //find highest score
    #####:  478:  j = 0;
    #####:  479:  for (i = 0; i < MAX_PLAYERS; i++)
        -:  480:    {
    #####:  481:      if (players[i] > players[j])
        -:  482:	{
    #####:  483:	  j = i;
        -:  484:	}
        -:  485:    }
    #####:  486:  highScore = players[j];
        -:  487:
        -:  488:  //add 1 to players who had less turns
    #####:  489:  currentPlayer = whoseTurn(state);
    #####:  490:  for (i = 0; i < MAX_PLAYERS; i++)
        -:  491:    {
    #####:  492:      if ( players[i] == highScore && i > currentPlayer )
        -:  493:	{
    #####:  494:	  players[i]++;
        -:  495:	}
        -:  496:    }
        -:  497:
        -:  498:  //find new highest score
    #####:  499:  j = 0;
    #####:  500:  for (i = 0; i < MAX_PLAYERS; i++)
        -:  501:    {
    #####:  502:      if ( players[i] > players[j] )
        -:  503:	{
    #####:  504:	  j = i;
        -:  505:	}
        -:  506:    }
    #####:  507:  highScore = players[j];
        -:  508:
        -:  509:  //set winners in array to 1 and rest to 0
    #####:  510:  for (i = 0; i < MAX_PLAYERS; i++)
        -:  511:    {
    #####:  512:      if ( players[i] == highScore )
        -:  513:	{
    #####:  514:	  players[i] = 1;
        -:  515:	}
        -:  516:      else
        -:  517:	{
    #####:  518:	  players[i] = 0;
        -:  519:	}
        -:  520:    }
        -:  521:
    #####:  522:  return 0;
        -:  523:}
        -:  524:
  2100481:  525:int drawCard(int player, struct gameState *state)
        -:  526:{	int count;
        -:  527:  int deckCounter;
  2100481:  528:  if (state->deckCount[player] <= 0){//Deck is empty
        -:  529:    
        -:  530:    //Step 1 Shuffle the discard pile back into a deck
        -:  531:    int i;
        -:  532:    //Move discard to deck
    95127:  533:    for (i = 0; i < state->discardCount[player];i++){
    93169:  534:      state->deck[player][i] = state->discard[player][i];
    93169:  535:      state->discard[player][i] = -1;
        -:  536:    }
        -:  537:
     1958:  538:    state->deckCount[player] = state->discardCount[player];
     1958:  539:    state->discardCount[player] = 0;//Reset discard
        -:  540:
        -:  541:    //Shufffle the deck
     1958:  542:    shuffle(player, state);//Shuffle the deck up and make it so that we can draw
        -:  543:   
        -:  544:    if (DEBUG){//Debug statements
        -:  545:      printf("Deck count now: %d\n", state->deckCount[player]);
        -:  546:    }
        -:  547:    
     1958:  548:    state->discardCount[player] = 0;
        -:  549:
        -:  550:    //Step 2 Draw Card
     1958:  551:    count = state->handCount[player];//Get current player's hand count
        -:  552:    
        -:  553:    if (DEBUG){//Debug statements
        -:  554:      printf("Current hand count: %d\n", count);
        -:  555:    }
        -:  556:    
     1958:  557:    deckCounter = state->deckCount[player];//Create a holder for the deck count
        -:  558:
     1958:  559:    if (deckCounter == 0)
       83:  560:      return -1;
        -:  561:
     1875:  562:    state->hand[player][count] = state->deck[player][deckCounter - 1];//Add card to hand
     1875:  563:    state->deckCount[player]--;
     1875:  564:    state->handCount[player]++;//Increment hand count
        -:  565:  }
        -:  566:
        -:  567:  else{
  2098523:  568:    int count = state->handCount[player];//Get current hand count for player
        -:  569:    int deckCounter;
        -:  570:    if (DEBUG){//Debug statements
        -:  571:      printf("Current hand count: %d\n", count);
        -:  572:    }
        -:  573:
  2098523:  574:    deckCounter = state->deckCount[player];//Create holder for the deck count
  2098523:  575:    state->hand[player][count] = state->deck[player][deckCounter - 1];//Add card to the hand
  2098523:  576:    state->deckCount[player]--;
  2098523:  577:    state->handCount[player]++;//Increment hand count
        -:  578:  }
        -:  579:
  2100398:  580:  return 0;
        -:  581:}
        -:  582:
    #####:  583:int getCost(int cardNumber)
        -:  584:{
    #####:  585:  switch( cardNumber ) 
        -:  586:    {
        -:  587:    case curse:
    #####:  588:      return 0;
        -:  589:    case estate:
    #####:  590:      return 2;
        -:  591:    case duchy:
    #####:  592:      return 5;
        -:  593:    case province:
    #####:  594:      return 8;
        -:  595:    case copper:
    #####:  596:      return 0;
        -:  597:    case silver:
    #####:  598:      return 3;
        -:  599:    case gold:
    #####:  600:      return 6;
        -:  601:    case adventurer:
    #####:  602:      return 6;
        -:  603:    case council_room:
    #####:  604:      return 5;
        -:  605:    case feast:
    #####:  606:      return 4;
        -:  607:    case gardens:
    #####:  608:      return 4;
        -:  609:    case mine:
    #####:  610:      return 5;
        -:  611:    case remodel:
    #####:  612:      return 4;
        -:  613:    case smithy:
    #####:  614:      return 4;
        -:  615:    case village:
    #####:  616:      return 3;
        -:  617:    case baron:
    #####:  618:      return 4;
        -:  619:    case great_hall:
    #####:  620:      return 3;
        -:  621:    case minion:
    #####:  622:      return 5;
        -:  623:    case steward:
    #####:  624:      return 3;
        -:  625:    case tribute:
    #####:  626:      return 5;
        -:  627:    case ambassador:
    #####:  628:      return 3;
        -:  629:    case cutpurse:
    #####:  630:      return 4;
        -:  631:    case embargo: 
    #####:  632:      return 2;
        -:  633:    case outpost:
    #####:  634:      return 5;
        -:  635:    case salvager:
    #####:  636:      return 4;
        -:  637:    case sea_hag:
    #####:  638:      return 4;
        -:  639:    case treasure_map:
    #####:  640:      return 4;
        -:  641:    }
        -:  642:	
    #####:  643:  return -1;
        -:  644:}
        -:  645:
   100000:  646:int playAdventurer(int drawntreasure, struct gameState *state,int currentPlayer,int cardDrawn,int* temphand,int z) {
  1800481:  647:    while(drawntreasure<2){
  1600481:  648:		if (state->deckCount[currentPlayer] <=1){//if the deck is empty we need to shuffle discard and add to deck
     3667:  649:	  		shuffle(currentPlayer, state);
        -:  650:		}
  1600481:  651:		drawCard(currentPlayer, state);
  1600481:  652:		cardDrawn = state->hand[currentPlayer][state->handCount[currentPlayer]-1];//top card of hand is most recently drawn card.
  1600481:  653:		if (cardDrawn == copper || cardDrawn == silver || cardDrawn == gold)
   200000:  654:	  		drawntreasure++;
        -:  655:		else{
  1400481:  656:	  		temphand[z]=cardDrawn;
  1400481:  657:	  		state->handCount[currentPlayer]--; //this should just remove the top card (the most recently drawn one).
  1400481:  658:	  		z++;
        -:  659:		}
        -:  660:    }
  1600481:  661:    while(z-1>=0){
  1400481:  662:	state->discard[currentPlayer][state->discardCount[currentPlayer]++]=temphand[z-1]; // discard all cards in play that have been drawn
  1400481:  663:	z=z-1;
        -:  664:    }
   100000:  665:    return 0;
        -:  666:}
        -:  667:
   100000:  668:int playSmithy(int i, int currentPlayer,struct gameState *state,int handPos) {
   500000:  669:    for (i = 0; i < 4; i++) {
   400000:  670:		drawCard(currentPlayer, state);
        -:  671:	}
        -:  672:			
        -:  673:    //discard card from hand
   100000:  674:    discardCard(handPos, currentPlayer, state, 0);
   100000:  675:    return 0;
        -:  676:}
        -:  677:
    #####:  678:int playCouncil_room(int currentPlayer,struct gameState *state,int i,int handPos) {
    #####:  679:    for (i = 0; i < 4; i++) {
    #####:  680:	  drawCard(currentPlayer, state);
        -:  681:	}	
        -:  682:      //+1 Buy
    #####:  683:    state->numBuys++;		
        -:  684:      //Each other player draws a card
    #####:  685:    for (i = 0; i < state->numPlayers; i++){
    #####:  686:	  if ( i != currentPlayer ) {
    #####:  687:	      drawCard(i, state);
        -:  688:	  }
        -:  689:	}		
        -:  690:    //put played card in played card pile
    #####:  691:    discardCard(handPos, currentPlayer, state, 0);
        -:  692:			
    #####:  693:    return 0;
        -:  694:}
        -:  695:
    #####:  696:int playFeast(int i,struct gameState *state,int currentPlayer,int* temphand,int x,int choice1) {
        -:  697:    //gain card with cost up to 5
        -:  698:    //Backup hand
    #####:  699:    for (i = 0; i <= state->handCount[currentPlayer]; i++){
    #####:  700:		temphand[i] = state->hand[currentPlayer][i];//Backup card
    #####:  701:		state->hand[currentPlayer][i] = -1;//Set to nothing
        -:  702:    }
        -:  703:    //Backup hand
        -:  704:
        -:  705:    //Update Coins for Buy
    #####:  706:    updateCoins(currentPlayer, state, 5);
    #####:  707:    x = 1;//Condition to loop on
    #####:  708:    while( x == 1) {//Buy one card
    #####:  709:		if (supplyCount(choice1, state) <= 0){
        -:  710:	  		if (DEBUG)
        -:  711:	    		printf("None of that card left, sorry!\n");
        -:  712:
        -:  713:	  		if (DEBUG){
        -:  714:	    		printf("Cards Left: %d\n", supplyCount(choice1, state));
        -:  715:	  		}
        -:  716:		}
    #####:  717:		if (state->coins < getCost(choice1)){
    #####:  718:	  		printf("That card is too expensive!\n");
        -:  719:
        -:  720:	  		if (DEBUG){
        -:  721:	    		printf("Coins: %d < %d\n", state->coins, getCost(choice1));
        -:  722:	  		}
        -:  723:		}
        -:  724:		else{
        -:  725:
        -:  726:	  		if (DEBUG){
        -:  727:	    		printf("Deck Count: %d\n", state->handCount[currentPlayer] + state->deckCount[currentPlayer] + state->discardCount[currentPlayer]);
        -:  728:	  		}
        -:  729:
    #####:  730:	  		gainCard(choice1, state, 0, currentPlayer);//Gain the card
    #####:  731:	  		x = 0;//No more buying cards
        -:  732:
        -:  733:	  		if (DEBUG){
        -:  734:	    		printf("Deck Count: %d\n", state->handCount[currentPlayer] + state->deckCount[currentPlayer] + state->discardCount[currentPlayer]);
        -:  735:	  		}
        -:  736:
        -:  737:		}
        -:  738:    }     
        -:  739:
        -:  740:    //Reset Hand
    #####:  741:    for (i = 0; i <= state->handCount[currentPlayer]; i++){
    #####:  742:		state->hand[currentPlayer][i] = temphand[i];
    #####:  743:		temphand[i] = -1;
        -:  744:    }
        -:  745:    //Reset Hand
    #####:  746:	return 0;
        -:  747:}
        -:  748:
    #####:  749:int playMine(struct gameState *state,int choice1,int choice2,int currentPlayer,int j,int i,int handPos) {
    #####:  750:    j = state->hand[currentPlayer][choice1];  //store card we will trash
        -:  751:
    #####:  752:    if (state->hand[currentPlayer][choice1] < copper && state->hand[currentPlayer][choice1] > gold) {
    #####:  753:		return -1;
        -:  754:	}
        -:  755:		
    #####:  756:    if (choice2 > treasure_map && choice2 < curse) {
    #####:  757:	  return -1;
        -:  758:	}
        -:  759:
    #####:  760:    if ( (getCost(state->hand[currentPlayer][choice1]) + 3) > getCost(choice2) ) {
    #####:  761:	  return -1;
        -:  762:	}
        -:  763:
    #####:  764:    gainCard(choice2, state, 2, currentPlayer);
        -:  765:    //discard card from hand
    #####:  766:    discardCard(handPos, currentPlayer, state, 0);
        -:  767:	//discard trashed card
    #####:  768:    for (i = 0; i < state->handCount[currentPlayer]; i++) {
    #####:  769:		if (state->hand[currentPlayer][i] == j) {
    #####:  770:	    	discardCard(i, currentPlayer, state, 0);
    #####:  771:		break;
        -:  772:	    }
        -:  773:	}
        -:  774:			
    #####:  775:    return 0;
        -:  776:}
        -:  777:
   300000:  778:int cardEffect(int card, int choice1, int choice2, int choice3, struct gameState *state, int handPos, int *bonus)
        -:  779:{
        -:  780:  int i;
        -:  781:  int j;
        -:  782:  int k;
        -:  783:  int x;
        -:  784:  int index;
   300000:  785:  int currentPlayer = whoseTurn(state);
   300000:  786:  int nextPlayer = currentPlayer + 1;
        -:  787:
   300000:  788:  int tributeRevealedCards[2] = {-1, -1};
        -:  789:  int temphand[MAX_HAND];// moved above the if statement
   300000:  790:  int drawntreasure=0;
        -:  791:  int cardDrawn;
   300000:  792:  int z = 0;// this is the counter for the temp hand
   300000:  793:  if (nextPlayer > (state->numPlayers - 1)){
   108670:  794:    nextPlayer = 0;
        -:  795:  }
        -:  796:  
        -:  797:	
        -:  798:  //uses switch to select card and perform actions
   300000:  799:  switch( card ) 
        -:  800:    {
        -:  801:    case adventurer:
   100000:  802:      return playAdventurer(drawntreasure,state,currentPlayer,cardDrawn,temphand,z);
        -:  803:			
        -:  804:    case council_room:
        -:  805:      //+4 Cards
    #####:  806:      return playCouncil_room(currentPlayer,state,i,handPos);
        -:  807:			
        -:  808:    case feast:
        -:  809:    	//gain card with cost up to 5
    #####:  810:     	return playFeast(i,state,currentPlayer,temphand,x,choice1);
        -:  811:			
        -:  812:    case gardens:
    #####:  813:      return -1;
        -:  814:			
        -:  815:    case mine:
    #####:  816:		return playMine(state,choice1,choice2,currentPlayer,j,i,handPos);
        -:  817:			
        -:  818:    case remodel:
    #####:  819:      j = state->hand[currentPlayer][choice1];  //store card we will trash
        -:  820:
    #####:  821:      if ( (getCost(state->hand[currentPlayer][choice1]) + 2) > getCost(choice2) )
        -:  822:	{
    #####:  823:	  return -1;
        -:  824:	}
        -:  825:
    #####:  826:      gainCard(choice2, state, 0, currentPlayer);
        -:  827:
        -:  828:      //discard card from hand
    #####:  829:      discardCard(handPos, currentPlayer, state, 0);
        -:  830:
        -:  831:      //discard trashed card
    #####:  832:      for (i = 0; i < state->handCount[currentPlayer]; i++)
        -:  833:	{
    #####:  834:	  if (state->hand[currentPlayer][i] == j)
        -:  835:	    {
    #####:  836:	      discardCard(i, currentPlayer, state, 0);			
    #####:  837:	      break;
        -:  838:	    }
        -:  839:	}
        -:  840:
        -:  841:
    #####:  842:      return 0;
        -:  843:		
        -:  844:    case smithy:
        -:  845:    	//case 3+ cards
   100000:  846:      return playSmithy(i,currentPlayer,state,handPos);
        -:  847:		
        -:  848:    case village:
        -:  849:      //+1 Card
    #####:  850:      drawCard(currentPlayer, state);
        -:  851:			
        -:  852:      //+2 Actions
    #####:  853:      state->numActions = state->numActions + 2;
        -:  854:			
        -:  855:      //discard played card from hand
    #####:  856:      discardCard(handPos, currentPlayer, state, 0);
    #####:  857:      return 0;
        -:  858:		
        -:  859:    case baron:
    #####:  860:      state->numBuys++;//Increase buys by 1!
    #####:  861:      if (choice1 > 0){//Boolean true or going to discard an estate
    #####:  862:	int p = 0;//Iterator for hand!
    #####:  863:	int card_not_discarded = 1;//Flag for discard set!
    #####:  864:	while(card_not_discarded){
    #####:  865:	  if (state->hand[currentPlayer][p] == estate){//Found an estate card!
    #####:  866:	    state->coins += 4;//Add 4 coins to the amount of coins
    #####:  867:	    state->discard[currentPlayer][state->discardCount[currentPlayer]] = state->hand[currentPlayer][p];
    #####:  868:	    state->discardCount[currentPlayer]++;
    #####:  869:	    for (;p < state->handCount[currentPlayer]; p++){
    #####:  870:	      state->hand[currentPlayer][p] = state->hand[currentPlayer][p+1];
        -:  871:	    }
    #####:  872:	    state->hand[currentPlayer][state->handCount[currentPlayer]] = -1;
    #####:  873:	    state->handCount[currentPlayer]--;
    #####:  874:	    card_not_discarded = 0;//Exit the loop
        -:  875:	  }
    #####:  876:	  else if (p > state->handCount[currentPlayer]){
        -:  877:	    if(DEBUG) {
        -:  878:	      printf("No estate cards in your hand, invalid choice\n");
        -:  879:	      printf("Must gain an estate if there are any\n");
        -:  880:	    }
    #####:  881:	    if (supplyCount(estate, state) > 0){
    #####:  882:	      gainCard(estate, state, 0, currentPlayer);
    #####:  883:	      state->supplyCount[estate]--;//Decrement estates
    #####:  884:	      if (supplyCount(estate, state) == 0){
    #####:  885:		isGameOver(state);
        -:  886:	      }
        -:  887:	    }
    #####:  888:	    card_not_discarded = 0;//Exit the loop
        -:  889:	  }
        -:  890:			    
        -:  891:	  else{
    #####:  892:	    p++;//Next card
        -:  893:	  }
        -:  894:	}
        -:  895:      }
        -:  896:			    
        -:  897:      else{
    #####:  898:	if (supplyCount(estate, state) > 0){
    #####:  899:	  gainCard(estate, state, 0, currentPlayer);//Gain an estate
    #####:  900:	  state->supplyCount[estate]--;//Decrement Estates
    #####:  901:	  if (supplyCount(estate, state) == 0){
    #####:  902:	    isGameOver(state);
        -:  903:	  }
        -:  904:	}
        -:  905:      }
        -:  906:	    
        -:  907:      
    #####:  908:      return 0;
        -:  909:		
        -:  910:    case great_hall:
        -:  911:      //+1 Card
   100000:  912:      drawCard(currentPlayer, state);
        -:  913:			
        -:  914:      //+1 Actions
   100000:  915:      state->numActions++;
        -:  916:			
        -:  917:      //discard card from hand
   100000:  918:      discardCard(handPos, currentPlayer, state, 0);
   100000:  919:      return 0;
        -:  920:		
        -:  921:    case minion:
        -:  922:      //+1 action
    #####:  923:      state->numActions++;
        -:  924:			
        -:  925:      //discard card from hand
    #####:  926:      discardCard(handPos, currentPlayer, state, 0);
        -:  927:			
    #####:  928:      if (choice1)		//+2 coins
        -:  929:	{
    #####:  930:	  state->coins = state->coins + 2;
        -:  931:	}
        -:  932:			
    #####:  933:      else if (choice2)		//discard hand, redraw 4, other players with 5+ cards discard hand and draw 4
        -:  934:	{
        -:  935:	  //discard hand
    #####:  936:	  while(numHandCards(state) > 0)
        -:  937:	    {
    #####:  938:	      discardCard(handPos, currentPlayer, state, 0);
        -:  939:	    }
        -:  940:				
        -:  941:	  //draw 4
    #####:  942:	  for (i = 0; i < 4; i++)
        -:  943:	    {
    #####:  944:	      drawCard(currentPlayer, state);
        -:  945:	    }
        -:  946:				
        -:  947:	  //other players discard hand and redraw if hand size > 4
    #####:  948:	  for (i = 0; i < state->numPlayers; i++)
        -:  949:	    {
    #####:  950:	      if (i != currentPlayer)
        -:  951:		{
    #####:  952:		  if ( state->handCount[i] > 4 )
        -:  953:		    {
        -:  954:		      //discard hand
    #####:  955:		      while( state->handCount[i] > 0 )
        -:  956:			{
    #####:  957:			  discardCard(handPos, i, state, 0);
        -:  958:			}
        -:  959:							
        -:  960:		      //draw 4
    #####:  961:		      for (j = 0; j < 4; j++)
        -:  962:			{
    #####:  963:			  drawCard(i, state);
        -:  964:			}
        -:  965:		    }
        -:  966:		}
        -:  967:	    }
        -:  968:				
        -:  969:	}
    #####:  970:      return 0;
        -:  971:		
        -:  972:    case steward:
    #####:  973:      if (choice1 == 1)
        -:  974:	{
        -:  975:	  //+2 cards
    #####:  976:	  drawCard(currentPlayer, state);
    #####:  977:	  drawCard(currentPlayer, state);
        -:  978:	}
    #####:  979:      else if (choice1 == 2)
        -:  980:	{
        -:  981:	  //+2 coins
    #####:  982:	  state->coins = state->coins + 2;
        -:  983:	}
        -:  984:      else
        -:  985:	{
        -:  986:	  //trash 2 cards in hand
    #####:  987:	  discardCard(choice2, currentPlayer, state, 1);
    #####:  988:	  discardCard(choice3, currentPlayer, state, 1);
        -:  989:	}
        -:  990:			
        -:  991:      //discard card from hand
    #####:  992:      discardCard(handPos, currentPlayer, state, 0);
    #####:  993:      return 0;
        -:  994:		
        -:  995:    case tribute:
    #####:  996:      if ((state->discardCount[nextPlayer] + state->deckCount[nextPlayer]) <= 1){
    #####:  997:	if (state->deckCount[nextPlayer] > 0){
    #####:  998:	  tributeRevealedCards[0] = state->deck[nextPlayer][state->deckCount[nextPlayer]-1];
    #####:  999:	  state->deckCount[nextPlayer]--;
        -: 1000:	}
    #####: 1001:	else if (state->discardCount[nextPlayer] > 0){
    #####: 1002:	  tributeRevealedCards[0] = state->discard[nextPlayer][state->discardCount[nextPlayer]-1];
    #####: 1003:	  state->discardCount[nextPlayer]--;
        -: 1004:	}
        -: 1005:	else{
        -: 1006:	  //No Card to Reveal
        -: 1007:	  if (DEBUG){
        -: 1008:	    printf("No cards to reveal\n");
        -: 1009:	  }
        -: 1010:	}
        -: 1011:      }
        -: 1012:	    
        -: 1013:      else{
    #####: 1014:	if (state->deckCount[nextPlayer] == 0){
    #####: 1015:	  for (i = 0; i < state->discardCount[nextPlayer]; i++){
    #####: 1016:	    state->deck[nextPlayer][i] = state->discard[nextPlayer][i];//Move to deck
    #####: 1017:	    state->deckCount[nextPlayer]++;
    #####: 1018:	    state->discard[nextPlayer][i] = -1;
    #####: 1019:	    state->discardCount[nextPlayer]--;
        -: 1020:	  }
        -: 1021:			    
    #####: 1022:	  shuffle(nextPlayer,state);//Shuffle the deck
        -: 1023:	} 
    #####: 1024:	tributeRevealedCards[0] = state->deck[nextPlayer][state->deckCount[nextPlayer]-1];
    #####: 1025:	state->deck[nextPlayer][state->deckCount[nextPlayer]--] = -1;
    #####: 1026:	state->deckCount[nextPlayer]--;
    #####: 1027:	tributeRevealedCards[1] = state->deck[nextPlayer][state->deckCount[nextPlayer]-1];
    #####: 1028:	state->deck[nextPlayer][state->deckCount[nextPlayer]--] = -1;
    #####: 1029:	state->deckCount[nextPlayer]--;
        -: 1030:      }    
        -: 1031:		       
    #####: 1032:      if (tributeRevealedCards[0] == tributeRevealedCards[1]){//If we have a duplicate card, just drop one 
    #####: 1033:	state->playedCards[state->playedCardCount] = tributeRevealedCards[1];
    #####: 1034:	state->playedCardCount++;
    #####: 1035:	tributeRevealedCards[1] = -1;
        -: 1036:      }
        -: 1037:
    #####: 1038:      for (i = 0; i <= 2; i ++){
    #####: 1039:	if (tributeRevealedCards[i] == copper || tributeRevealedCards[i] == silver || tributeRevealedCards[i] == gold){//Treasure cards
    #####: 1040:	  state->coins += 2;
        -: 1041:	}
        -: 1042:		    
    #####: 1043:	else if (tributeRevealedCards[i] == estate || tributeRevealedCards[i] == duchy || tributeRevealedCards[i] == province || tributeRevealedCards[i] == gardens || tributeRevealedCards[i] == great_hall){//Victory Card Found
    #####: 1044:	  drawCard(currentPlayer, state);
    #####: 1045:	  drawCard(currentPlayer, state);
        -: 1046:	}
        -: 1047:	else{//Action Card
    #####: 1048:	  state->numActions = state->numActions + 2;
        -: 1049:	}
        -: 1050:      }
        -: 1051:	    
    #####: 1052:      return 0;
        -: 1053:		
        -: 1054:    case ambassador:
    #####: 1055:      j = 0;		//used to check if player has enough cards to discard
        -: 1056:
    #####: 1057:      if (choice2 > 2 || choice2 < 0)
        -: 1058:	{
    #####: 1059:	  return -1;				
        -: 1060:	}
        -: 1061:
    #####: 1062:      if (choice1 == handPos)
        -: 1063:	{
    #####: 1064:	  return -1;
        -: 1065:	}
        -: 1066:
    #####: 1067:      for (i = 0; i < state->handCount[currentPlayer]; i++)
        -: 1068:	{
    #####: 1069:	  if (i != handPos && i == state->hand[currentPlayer][choice1] && i != choice1)
        -: 1070:	    {
    #####: 1071:	      j++;
        -: 1072:	    }
        -: 1073:	}
    #####: 1074:      if (j < choice2)
        -: 1075:	{
    #####: 1076:	  return -1;				
        -: 1077:	}
        -: 1078:
        -: 1079:      if (DEBUG) 
        -: 1080:	printf("Player %d reveals card number: %d\n", currentPlayer, state->hand[currentPlayer][choice1]);
        -: 1081:
        -: 1082:      //increase supply count for choosen card by amount being discarded
    #####: 1083:      state->supplyCount[state->hand[currentPlayer][choice1]] += choice2;
        -: 1084:			
        -: 1085:      //each other player gains a copy of revealed card
    #####: 1086:      for (i = 0; i < state->numPlayers; i++)
        -: 1087:	{
    #####: 1088:	  if (i != currentPlayer)
        -: 1089:	    {
    #####: 1090:	      gainCard(state->hand[currentPlayer][choice1], state, 0, i);
        -: 1091:	    }
        -: 1092:	}
        -: 1093:
        -: 1094:      //discard played card from hand
    #####: 1095:      discardCard(handPos, currentPlayer, state, 0);			
        -: 1096:
        -: 1097:      //trash copies of cards returned to supply
    #####: 1098:      for (j = 0; j < choice2; j++)
        -: 1099:	{
    #####: 1100:	  for (i = 0; i < state->handCount[currentPlayer]; i++)
        -: 1101:	    {
    #####: 1102:	      if (state->hand[currentPlayer][i] == state->hand[currentPlayer][choice1])
        -: 1103:		{
    #####: 1104:		  discardCard(i, currentPlayer, state, 1);
    #####: 1105:		  break;
        -: 1106:		}
        -: 1107:	    }
        -: 1108:	}			
        -: 1109:
    #####: 1110:      return 0;
        -: 1111:		
        -: 1112:    case cutpurse:
        -: 1113:
    #####: 1114:      updateCoins(currentPlayer, state, 2);
    #####: 1115:      for (i = 0; i < state->numPlayers; i++)
        -: 1116:	{
    #####: 1117:	  if (i != currentPlayer)
        -: 1118:	    {
    #####: 1119:	      for (j = 0; j < state->handCount[i]; j++)
        -: 1120:		{
    #####: 1121:		  if (state->hand[i][j] == copper)
        -: 1122:		    {
    #####: 1123:		      discardCard(j, i, state, 0);
    #####: 1124:		      break;
        -: 1125:		    }
    #####: 1126:		  if (j == state->handCount[i])
        -: 1127:		    {
    #####: 1128:		      for (k = 0; k < state->handCount[i]; k++)
        -: 1129:			{
        -: 1130:			  if (DEBUG)
        -: 1131:			    printf("Player %d reveals card number %d\n", i, state->hand[i][k]);
        -: 1132:			}	
    #####: 1133:		      break;
        -: 1134:		    }		
        -: 1135:		}
        -: 1136:					
        -: 1137:	    }
        -: 1138:				
        -: 1139:	}				
        -: 1140:
        -: 1141:      //discard played card from hand
    #####: 1142:      discardCard(handPos, currentPlayer, state, 0);			
        -: 1143:
    #####: 1144:      return 0;
        -: 1145:
        -: 1146:		
        -: 1147:    case embargo: 
        -: 1148:      //+2 Coins
    #####: 1149:      state->coins = state->coins + 2;
        -: 1150:			
        -: 1151:      //see if selected pile is in play
    #####: 1152:      if ( state->supplyCount[choice1] == -1 )
        -: 1153:	{
    #####: 1154:	  return -1;
        -: 1155:	}
        -: 1156:			
        -: 1157:      //add embargo token to selected supply pile
    #####: 1158:      state->embargoTokens[choice1]++;
        -: 1159:			
        -: 1160:      //trash card
    #####: 1161:      discardCard(handPos, currentPlayer, state, 1);		
    #####: 1162:      return 0;
        -: 1163:		
        -: 1164:    case outpost:
        -: 1165:      //set outpost flag
    #####: 1166:      state->outpostPlayed++;
        -: 1167:			
        -: 1168:      //discard card
    #####: 1169:      discardCard(handPos, currentPlayer, state, 0);
    #####: 1170:      return 0;
        -: 1171:		
        -: 1172:    case salvager:
        -: 1173:      //+1 buy
    #####: 1174:      state->numBuys++;
        -: 1175:			
    #####: 1176:      if (choice1)
        -: 1177:	{
        -: 1178:	  //gain coins equal to trashed card
    #####: 1179:	  state->coins = state->coins + getCost( handCard(choice1, state) );
        -: 1180:	  //trash card
    #####: 1181:	  discardCard(choice1, currentPlayer, state, 1);	
        -: 1182:	}
        -: 1183:			
        -: 1184:      //discard card
    #####: 1185:      discardCard(handPos, currentPlayer, state, 0);
    #####: 1186:      return 0;
        -: 1187:		
        -: 1188:    case sea_hag:
    #####: 1189:      for (i = 0; i < state->numPlayers; i++){
    #####: 1190:	if (i != currentPlayer){
    #####: 1191:	  state->discard[i][state->discardCount[i]] = state->deck[i][state->deckCount[i]--];			    state->deckCount[i]--;
    #####: 1192:	  state->discardCount[i]++;
    #####: 1193:	  state->deck[i][state->deckCount[i]--] = curse;//Top card now a curse
        -: 1194:	}
        -: 1195:      }
    #####: 1196:      return 0;
        -: 1197:		
        -: 1198:    case treasure_map:
        -: 1199:      //search hand for another treasure_map
    #####: 1200:      index = -1;
    #####: 1201:      for (i = 0; i < state->handCount[currentPlayer]; i++)
        -: 1202:	{
    #####: 1203:	  if (state->hand[currentPlayer][i] == treasure_map && i != handPos)
        -: 1204:	    {
    #####: 1205:	      index = i;
    #####: 1206:	      break;
        -: 1207:	    }
        -: 1208:	}
    #####: 1209:      if (index > -1)
        -: 1210:	{
        -: 1211:	  //trash both treasure cards
    #####: 1212:	  discardCard(handPos, currentPlayer, state, 1);
    #####: 1213:	  discardCard(index, currentPlayer, state, 1);
        -: 1214:
        -: 1215:	  //gain 4 Gold cards
    #####: 1216:	  for (i = 0; i < 4; i++)
        -: 1217:	    {
    #####: 1218:	      gainCard(gold, state, 1, currentPlayer);
        -: 1219:	    }
        -: 1220:				
        -: 1221:	  //return success
    #####: 1222:	  return 1;
        -: 1223:	}
        -: 1224:			
        -: 1225:      //no second treasure_map found in hand
    #####: 1226:      return -1;
        -: 1227:    }
        -: 1228:	
    #####: 1229:  return -1;
        -: 1230:}
        -: 1231:
   200000: 1232:int discardCard(int handPos, int currentPlayer, struct gameState *state, int trashFlag)
        -: 1233:{
        -: 1234:	
        -: 1235:  //if card is not trashed, added to Played pile 
   200000: 1236:  if (trashFlag < 1)
        -: 1237:    {
        -: 1238:      //add card to played pile
   200000: 1239:      state->playedCards[state->playedCardCount] = state->hand[currentPlayer][handPos]; 
   200000: 1240:      state->playedCardCount++;
        -: 1241:    }
        -: 1242:	
        -: 1243:  //set played card to -1
   200000: 1244:  state->hand[currentPlayer][handPos] = -1;
        -: 1245:	
        -: 1246:  //remove card from player's hand
   200000: 1247:  if ( handPos == (state->handCount[currentPlayer] - 1) ) 	//last card in hand array is played
        -: 1248:    {
        -: 1249:      //reduce number of cards in hand
     1118: 1250:      state->handCount[currentPlayer]--;
        -: 1251:    }
   198882: 1252:  else if ( state->handCount[currentPlayer] == 1 ) //only one card in hand
        -: 1253:    {
        -: 1254:      //reduce number of cards in hand
    #####: 1255:      state->handCount[currentPlayer]--;
        -: 1256:    }
        -: 1257:  else 	
        -: 1258:    {
        -: 1259:      //replace discarded card with last card in hand
   198882: 1260:      state->hand[currentPlayer][handPos] = state->hand[currentPlayer][ (state->handCount[currentPlayer] - 1)];
        -: 1261:      //set last card to -1
   198882: 1262:      state->hand[currentPlayer][state->handCount[currentPlayer] - 1] = -1;
        -: 1263:      //reduce number of cards in hand
   198882: 1264:      state->handCount[currentPlayer]--;
        -: 1265:    }
        -: 1266:	
   200000: 1267:  return 0;
        -: 1268:}
        -: 1269:
    #####: 1270:int gainCard(int supplyPos, struct gameState *state, int toFlag, int player)
        -: 1271:{
        -: 1272:  //Note: supplyPos is enum of choosen card
        -: 1273:	
        -: 1274:  //check if supply pile is empty (0) or card is not used in game (-1)
    #####: 1275:  if ( supplyCount(supplyPos, state) < 1 )
        -: 1276:    {
    #####: 1277:      return -1;
        -: 1278:    }
        -: 1279:	
        -: 1280:  //added card for [whoseTurn] current player:
        -: 1281:  // toFlag = 0 : add to discard
        -: 1282:  // toFlag = 1 : add to deck
        -: 1283:  // toFlag = 2 : add to hand
        -: 1284:
    #####: 1285:  if (toFlag == 1)
        -: 1286:    {
    #####: 1287:      state->deck[ player ][ state->deckCount[player] ] = supplyPos;
    #####: 1288:      state->deckCount[player]++;
        -: 1289:    }
    #####: 1290:  else if (toFlag == 2)
        -: 1291:    {
    #####: 1292:      state->hand[ player ][ state->handCount[player] ] = supplyPos;
    #####: 1293:      state->handCount[player]++;
        -: 1294:    }
        -: 1295:  else
        -: 1296:    {
    #####: 1297:      state->discard[player][ state->discardCount[player] ] = supplyPos;
    #####: 1298:      state->discardCount[player]++;
        -: 1299:    }
        -: 1300:	
        -: 1301:  //decrease number in supply pile
    #####: 1302:  state->supplyCount[supplyPos]--;
        -: 1303:	 
    #####: 1304:  return 0;
        -: 1305:}
        -: 1306:
    #####: 1307:int updateCoins(int player, struct gameState *state, int bonus)
        -: 1308:{
        -: 1309:  int i;
        -: 1310:	
        -: 1311:  //reset coin count
    #####: 1312:  state->coins = 0;
        -: 1313:
        -: 1314:  //add coins for each Treasure card in player's hand
    #####: 1315:  for (i = 0; i < state->handCount[player]; i++)
        -: 1316:    {
    #####: 1317:      if (state->hand[player][i] == copper)
        -: 1318:	{
    #####: 1319:	  state->coins += 1;
        -: 1320:	}
    #####: 1321:      else if (state->hand[player][i] == silver)
        -: 1322:	{
    #####: 1323:	  state->coins += 2;
        -: 1324:	}
    #####: 1325:      else if (state->hand[player][i] == gold)
        -: 1326:	{
    #####: 1327:	  state->coins += 3;
        -: 1328:	}	
        -: 1329:    }	
        -: 1330:
        -: 1331:  //add bonus
    #####: 1332:  state->coins += bonus;
        -: 1333:
    #####: 1334:  return 0;
        -: 1335:}
        -: 1336:
        -: 1337:
        -: 1338://end of dominion.c
        -: 1339:
